[2025-05-27 20:58:58.078] [info]  version sql update:
DROP TABLE IF EXISTS `column_table`;
CREATE TABLE `column_table`  (
  `id` bigint(20) NOT NULL AUTO_INCREMENT,
  `createTime` datetime NULL DEFAULT NULL COMMENT '创建时间',
  `updateTime` datetime NULL DEFAULT NULL COMMENT '上次修改时间',
  `createBy` bigint(20) NULL DEFAULT NULL COMMENT '创建人id',
  `createByName` varchar(100) CHARACTER SET utf8 COLLATE utf8_general_ci NULL DEFAULT NULL COMMENT '创建人',
  `updateBy` bigint(20) NULL DEFAULT NULL COMMENT '修改人id',
  `updateByName` varchar(100) CHARACTER SET utf8 COLLATE utf8_general_ci NULL DEFAULT NULL COMMENT '修改人',
  `deleted` bigint(20) NULL DEFAULT 0 COMMENT '是否删除',
  `sqlTableName` varchar(100) CHARACTER SET utf8 COLLATE utf8_general_ci NULL DEFAULT NULL COMMENT '数据库表名',
  `tableName` varchar(100) CHARACTER SET utf8 COLLATE utf8_general_ci NULL DEFAULT NULL COMMENT '表名',
  PRIMARY KEY (`id`) USING BTREE,
  UNIQUE INDEX `sqlTableName`(`sqlTableName`, `deleted`) USING BTREE,
  UNIQUE INDEX `tableName`(`tableName`, `deleted`) USING BTREE
) ENGINE = InnoDB AUTO_INCREMENT = 142 CHARACTER SET = utf8 COLLATE = utf8_general_ci COMMENT = '自定义列的表' ROW_FORMAT = DYNAMIC;

-- ----------------------------
-- Records of column_table
-- ----------------------------
INSERT INTO `column_table` VALUES (2, '2022-04-10 15:29:08', '2022-04-10 15:29:08', 0, 'admin', 0, 'admin', 0, 'user', '系统管理,用户管理');
INSERT INTO `column_table` VALUES (3, '2022-04-10 19:30:51', '2022-04-10 19:30:51', 0, 'admin', 0, 'admin', 0, 'login_log', '系统管理,登录日志');
INSERT INTO `column_table` VALUES (4, '2022-04-10 19:52:39', '2022-04-10 19:52:39', 0, 'admin', 0, 'admin', 0, 'role', '系统管理,角色管理');
INSERT INTO `column_table` VALUES (5, '2022-04-17 13:13:56', '2022-04-17 13:13:56', 0, 'admin', 0, 'admin', 0, 'organize', '系统管理,组织架构');
INSERT INTO `column_table` VALUES (6, '2022-04-19 12:52:47', '2022-04-19 12:52:47', 0, 'admin', 0, 'admin', 0, 'appliances', '新器具管理');
INSERT INTO `column_table` VALUES (7, '2022-04-21 19:40:06', '2022-04-21 19:40:06', 0, 'admin', 0, 'admin', 0, 'notice', '通知待办,我的通知');
INSERT INTO `column_table` VALUES (8, '2022-04-21 19:49:51', '2022-04-21 19:49:51', 0, 'admin', 0, 'admin', 0, 'need_handle', '通知待办,我的待办');
INSERT INTO `column_table` VALUES (10, '2022-04-22 09:25:08', '2022-04-24 15:52:37', 0, 'admin', 0, 'admin', 0, 'code_setting', '系统管理,编码管理');
INSERT INTO `column_table` VALUES (11, '2022-04-22 10:42:41', '2022-04-22 10:42:41', 0, 'admin', 0, 'admin', 0, 'appliances_params', '新器具管理,计量参数');
INSERT INTO `column_table` VALUES (12, '2022-04-28 20:36:07', '2022-04-28 20:36:07', 0, 'admin', 0, 'admin', 0, 'metering_maintain', '新器具管理,计量维护');
INSERT INTO `column_table` VALUES (13, '2022-04-29 00:34:22', '2022-04-29 00:34:22', 0, 'admin', 0, 'admin', 0, 'metering_confirm', '新器具管理,计量确认');
INSERT INTO `column_table` VALUES (14, '2022-05-05 23:48:29', '2022-05-05 23:48:29', 0, 'admin', 0, 'admin', 0, 'appliances_ledger', '器具台账,器具台账');
INSERT INTO `column_table` VALUES (15, '2022-05-05 23:48:29', '2022-05-05 23:48:29', 0, 'admin', 0, 'admin', 0, 'appliances_ledger_params', '器具台账,计量参数');
INSERT INTO `column_table` VALUES (16, '2022-05-06 12:08:30', '2022-05-06 12:08:30', 0, 'admin', 0, 'admin', 0, 'annual_inspection_plan', '年度检定计划');
INSERT INTO `column_table` VALUES (17, '2022-05-06 12:11:21', '2022-05-06 12:12:07', 0, 'admin', 0, 'admin', 0, 'annual_inspection_plan_item', '年度检定计划,详情');
INSERT INTO `column_table` VALUES (18, '2022-05-07 16:30:49', '2022-05-10 15:24:07', 0, 'admin', 0, 'admin', 0, 'inspection_task_list', '器具台账,送检任务单');
INSERT INTO `column_table` VALUES (19, '2022-05-07 16:30:59', '2022-05-13 11:15:40', 0, 'admin', 0, 'admin', 0, 'inspection_task(copy)', '器具台账,送检任务单,详情');
INSERT INTO `column_table` VALUES (20, '2022-05-07 16:54:17', '2022-05-07 16:54:17', 0, 'admin', 0, 'admin', 0, 'equipment', '设备管理');
INSERT INTO `column_table` VALUES (21, '2022-05-10 15:40:42', '2022-05-10 20:37:50', 0, 'admin', 0, 'admin', 0, 'edit_record', '编辑记录');
INSERT INTO `column_table` VALUES (23, '2022-05-13 11:12:02', '2022-05-13 11:15:45', 0, 'admin', 0, 'admin', 0, 'inspection_task', '个人任务单');
INSERT INTO `column_table` VALUES (24, '2022-05-13 17:25:44', '2022-05-13 17:25:44', 0, 'admin', 0, 'admin', 0, 'metering_record', '器具台账,历年计量报告');
INSERT INTO `column_table` VALUES (25, '2022-05-13 14:28:32', '2022-05-13 14:28:32', 0, 'admin', 0, 'admin', 0, 'inspection_record', '器具台账,送检履历');
INSERT INTO `column_table` VALUES (26, '2022-05-15 04:53:58', '2022-05-15 04:53:58', 0, 'admin', 0, 'admin', 0, 'metering_confirm_record', '器具台账,计量确认履历');
INSERT INTO `column_table` VALUES (27, '2022-05-16 10:33:04', '2022-05-16 10:33:04', 0, 'admin', 0, 'admin', 0, 'confirm_button', '确认按钮');
INSERT INTO `column_table` VALUES (28, '2022-05-16 10:33:04', '2022-05-16 10:33:04', 0, 'admin', 0, 'admin', 0, 'maintain_button', '维护按钮');
INSERT INTO `column_table` VALUES (29, '2022-05-13 14:22:58', '2022-05-13 14:22:58', 0, 'admin', 0, 'admin', 0, 'receive_button', '接收按钮');
INSERT INTO `column_table` VALUES (30, '2022-05-13 20:01:07', '2022-05-13 20:01:07', 0, 'admin', 0, 'admin', 0, 'inspection_button', '送检按钮');
INSERT INTO `column_table` VALUES (31, '2022-05-13 20:07:36', '2022-05-13 20:07:36', 0, 'admin', 0, 'admin', 0, 'visit_button', '确认上门日期按钮');
INSERT INTO `column_table` VALUES (32, '2022-05-13 20:10:30', '2022-05-13 20:10:30', 0, 'admin', 0, 'admin', 0, 'back_button', '返回按钮');
INSERT INTO `column_table` VALUES (33, '2022-05-17 15:36:55', '2022-05-17 15:36:55', 11, 'd1', 11, 'd1', 0, 'task_confirm_button', '任务确认按钮');
INSERT INTO `column_table` VALUES (34, '2022-05-18 15:51:52', '2022-05-18 15:51:52', 0, 'admin', 0, 'admin', 0, 'label_print_apply', '标签打印申请');
INSERT INTO `column_table` VALUES (35, '2022-05-18 17:25:33', '2022-05-18 17:25:33', 11, 'd1', 11, 'd1', 0, 'label_print_handle', '标签打印处理');
INSERT INTO `column_table` VALUES (36, '2022-05-19 14:43:25', '2022-05-19 14:51:06', 0, 'admin', 11, 'd1', 0, 'metering_staff', '计量人员管理,计量人员');
INSERT INTO `column_table` VALUES (37, '2022-05-19 16:38:08', '2022-05-19 16:38:08', 0, 'admin', 0, 'admin', 0, 'metering_staff_certificate', '计量人员管理,计量人员,证书');
INSERT INTO `column_table` VALUES (38, '2022-05-25 01:43:06', '2022-05-25 01:43:06', 0, 'admin', 0, 'admin', 0, 'change_admin', '变更管理');
INSERT INTO `column_table` VALUES (39, '2022-05-25 19:53:15', '2022-05-25 19:53:15', 0, 'admin', 0, 'admin', 0, 'receive_record', '领用记录');
INSERT INTO `column_table` VALUES (40, '2022-05-26 03:06:09', '2022-05-26 03:06:09', 0, 'admin', 0, 'admin', 0, 'move_record', '转移记录');
INSERT INTO `column_table` VALUES (41, '2022-05-26 17:01:54', '2022-05-26 17:01:54', 0, 'admin', 0, 'admin', 0, 'other_events', '器具台账,其他事件履历');
INSERT INTO `column_table` VALUES (42, '2022-05-27 00:28:47', '2022-05-27 00:28:47', 0, 'admin', 0, 'admin', 0, 'move_resume', '器具台账,转移履历');
INSERT INTO `column_table` VALUES (43, '2022-05-27 02:50:46', '2022-05-27 02:50:46', 0, 'admin', 0, 'admin', 0, 'borrow_record', '借还记录');
INSERT INTO `column_table` VALUES (44, '2022-05-27 03:15:02', '2022-05-27 03:15:02', 0, 'admin', 0, 'admin', 0, 'borrow_resume', '器具台账,借还履历');
INSERT INTO `column_table` VALUES (46, '2022-05-27 03:44:15', '2022-05-27 03:44:15', 0, 'admin', 0, 'admin', 0, 'maintenance_record', '维保记录');
INSERT INTO `column_table` VALUES (47, '2022-05-27 15:13:05', '2022-05-27 15:13:05', 0, 'admin', 0, 'admin', 0, 'maintenance_resume', '器具台账,维保履历');
INSERT INTO `column_table` VALUES (49, '2022-05-27 16:28:38', '2022-05-27 16:28:38', 0, 'admin', 0, 'admin', 0, 'move_record_approve', '转移记录,审批');
INSERT INTO `column_table` VALUES (50, '2022-05-27 16:29:48', '2022-05-27 16:29:48', 0, 'admin', 0, 'admin', 0, 'move_record_confirm', '转移记录,确认');
INSERT INTO `column_table` VALUES (52, '2022-05-29 03:28:25', '2022-05-29 03:28:25', 0, 'admin', 0, 'admin', 0, 'msa_resume', '器具台账,MSA履历');
INSERT INTO `column_table` VALUES (54, '2022-05-29 05:24:43', '2022-05-29 05:24:43', 0, 'admin', 0, 'admin', 0, 'change_resume', '器具台账,变更履历');
INSERT INTO `column_table` VALUES (57, '2022-05-31 14:16:04', '2022-05-31 14:16:04', 18, '主管', 18, '主管', 0, 'inspection_task_confirm', '待确认任务单');
INSERT INTO `column_table` VALUES (58, '2022-06-02 16:08:48', '2022-06-02 16:08:48', 0, 'admin', 0, 'admin', 0, 'borrow_record_confirm', '借还记录,确认');
INSERT INTO `column_table` VALUES (59, '2022-06-02 16:11:28', '2022-06-02 16:11:28', 0, 'admin', 0, 'admin', 0, 'borrow_record_return', '借还记录,归还');
INSERT INTO `column_table` VALUES (60, '2022-06-09 18:02:28', '2022-06-09 18:02:28', 0, 'admin', 0, 'admin', 0, 'borrow_resume_borrow', '借还履历,借出');
INSERT INTO `column_table` VALUES (61, '2022-06-09 18:05:53', '2022-06-09 18:05:53', 0, 'admin', 0, 'admin', 0, 'borrow_resume_return', '借还履历,归还');
INSERT INTO `column_table` VALUES (62, '2022-06-14 12:12:00', '2022-06-14 12:12:00', 0, 'admin', 0, 'admin', 0, 'measure_agency', '计量机构');
INSERT INTO `column_table` VALUES (63, '2022-06-22 13:51:22', '2022-06-22 13:51:22', 0, 'admin', 0, 'admin', 0, 'verification_cost', '更新检定费用');
INSERT INTO `column_table` VALUES (65, '2022-06-23 17:16:05', '2022-06-23 17:16:05', 0, 'admin', 0, 'admin', 0, 'msa_item', 'MSA项目');
INSERT INTO `column_table` VALUES (66, '2022-07-08 00:00:00', '2022-07-08 00:00:00', 0, 'admin', 0, 'admin', 0, 'print_button', '打印按钮');
INSERT INTO `column_table` VALUES (67, '2022-07-19 16:12:19', '2022-07-19 16:12:19', 11, 'd1', 11, 'd1', 0, 'inspection_task(all)', '全部个人任务');
INSERT INTO `column_table` VALUES (68, '2022-08-05 12:10:13', '2022-08-05 12:10:13', 0, 'admin', 0, 'admin', 0, 'batch_receive', '批量领用');
INSERT INTO `column_table` VALUES (69, '2022-08-05 15:47:37', '2022-08-05 15:47:37', 0, 'admin', 0, 'admin', 0, 'batch_move', '批量转移');
INSERT INTO `column_table` VALUES (70, '2022-08-05 15:48:02', '2022-08-05 15:48:02', 0, 'admin', 0, 'admin', 0, 'batch_borrow', '批量借还');
INSERT INTO `column_table` VALUES (71, '2022-08-06 10:08:20', '2022-08-06 10:08:20', 11, 'd1', 11, 'd1', 0, 'inspection_task(return)', '待返回任务单');
INSERT INTO `column_table` VALUES (72, '2022-08-18 17:10:55', '2022-08-18 17:10:55', 0, 'admin', 0, 'admin', 0, 'option_association_config', '系统管理,选项关联配置');
INSERT INTO `column_table` VALUES (73, '2022-10-27 15:55:09', '2022-10-27 15:55:09', 28, 'D1', 28, 'D1', 0, 'msa_annual_plan', '质量管理,MSA年度计划');
INSERT INTO `column_table` VALUES (74, '2022-10-27 15:55:31', '2022-10-27 15:55:31', 28, 'D1', 28, 'D1', 0, 'msa_annual_plan_item', '质量管理,MSA年度计划,详情');
INSERT INTO `column_table` VALUES (75, '2023-02-16 17:59:39', '2023-02-16 17:59:39', 0, 'admin', 0, 'admin', 0, 'cycle_rules', '系统管理,计量周期规则');
INSERT INTO `column_table` VALUES (76, '2023-02-17 00:42:31', '2023-02-17 00:42:31', 0, 'admin', 0, 'admin', 0, 'cycle_change', '周期变更管理');
INSERT INTO `column_table` VALUES (77, '2023-04-13 18:54:34', '2023-04-13 18:54:34', 0, 'admin', 0, 'admin', 0, 'theme_settings', '系统管理,UI设置,主题设置');
INSERT INTO `column_table` VALUES (78, '2023-04-14 16:12:55', '2023-04-14 16:12:55', 30, 'wy', 30, 'wy', 0, 'system_setting_operation_history', '系统管理,系统设置操作历史');
INSERT INTO `column_table` VALUES (79, '2023-04-17 21:46:35', '2023-04-17 21:46:35', 0, 'admin', 0, 'admin', 0, 'spot_check_record', '点检记录');
INSERT INTO `column_table` VALUES (80, '2023-04-17 22:04:37', '2023-04-17 22:04:37', 0, 'admin', 0, 'admin', 0, 'spot_check_item', '点检项目');
INSERT INTO `column_table` VALUES (81, '2023-04-18 17:23:39', '2023-04-18 17:23:39', 0, 'admin', 0, 'admin', 0, 'annual_maintenance_plan', '维保管理,年度维保计划');
INSERT INTO `column_table` VALUES (83, '2023-04-18 18:28:32', '2023-04-18 18:28:32', 0, 'admin', 0, 'admin', 0, 'maintenance_records', '年度维保计划,维保记录');
INSERT INTO `column_table` VALUES (84, '2023-04-19 09:08:03', '2023-04-19 09:08:03', 0, 'admin', 0, 'admin', 0, 'maintenance_template', '维保管理,维保模板');
INSERT INTO `column_table` VALUES (85, '2023-04-19 09:12:47', '2023-04-19 09:12:47', 0, 'admin', 0, 'admin', 0, 'maintenance_data', '维保模板,维保详情');
INSERT INTO `column_table` VALUES (86, '2023-04-23 14:08:18', '2023-04-23 14:08:18', 0, 'admin', 0, 'admin', 0, 'annual_check_plan', '年度期间核查计划');
INSERT INTO `column_table` VALUES (87, '2023-04-23 16:53:34', '2023-04-23 16:55:48', 0, 'admin', 28, 'D1', 0, 'check_plan_content', '年度期间核查计划,计划内容');
INSERT INTO `column_table` VALUES (88, '2023-04-23 20:22:47', '2023-04-23 20:22:47', 0, 'admin', 0, 'admin', 0, 'check_methods', '核查方法');
INSERT INTO `column_table` VALUES (89, '2023-04-24 09:17:38', '2023-04-24 09:17:38', 28, 'D1', 28, 'D1', 0, 'appliancesLedger_checkMaintenance_resume', '器具台账,期间核查履历');
INSERT INTO `column_table` VALUES (90, '2023-04-24 11:39:34', '2023-04-24 11:39:34', 0, 'admin', 0, 'admin', 0, 'annual_maintenance_item', '年度维保计划,详情');
INSERT INTO `column_table` VALUES (91, '2023-04-24 16:10:27', '2023-04-24 16:10:27', 0, 'admin', 0, 'admin', 0, 'maintenance_plan_data', '维保计划,维保详情');
INSERT INTO `column_table` VALUES (92, '2023-04-27 15:27:16', '2023-04-27 15:27:16', 0, 'admin', 0, 'admin', 0, 'external_annual_plan', '外校管理,外校年计划');
INSERT INTO `column_table` VALUES (93, '2023-04-27 15:36:33', '2023-04-27 15:36:33', 0, 'admin', 0, 'admin', 0, 'external_monthly_plan', '外校管理,外校月计划');
INSERT INTO `column_table` VALUES (94, '2023-04-27 15:43:07', '2023-04-27 15:43:07', 0, 'admin', 0, 'admin', 0, 'internal_annual_plan', '内校管理,内校年计划');
INSERT INTO `column_table` VALUES (95, '2023-04-27 15:49:27', '2023-04-27 15:49:27', 0, 'admin', 0, 'admin', 0, 'internal_monthly_plan', '内校管理,内校月计划');
INSERT INTO `column_table` VALUES (96, '2023-04-27 18:51:32', '2023-04-27 18:51:32', 0, 'admin', 0, 'admin', 0, 'external_daily_plan', '外校管理,外校每日任务单');
INSERT INTO `column_table` VALUES (97, '2023-04-27 18:51:50', '2023-04-27 18:51:50', 0, 'admin', 0, 'admin', 0, 'internal_daily_plan', '内校管理,内校每日任务单');
INSERT INTO `column_table` VALUES (98, '2023-04-28 11:42:47', '2023-04-28 11:42:47', 0, 'admin', 0, 'admin', 0, 'external_task(1)', '外校管理,外校年计划,任务');
INSERT INTO `column_table` VALUES (99, '2023-04-28 13:24:09', '2023-04-28 13:24:09', 0, 'admin', 0, 'admin', 0, 'external_task(2)', '外校管理,外校月计划,任务');
INSERT INTO `column_table` VALUES (100, '2023-04-28 13:39:03', '2023-04-28 13:39:03', 0, 'admin', 0, 'admin', 0, 'external_task(3)', '外校管理,外校每日任务单,任务');
INSERT INTO `column_table` VALUES (101, '2023-04-28 13:44:34', '2023-04-28 13:44:34', 0, 'admin', 0, 'admin', 0, 'internal_task(1)', '内校管理,内校年计划,任务');
INSERT INTO `column_table` VALUES (102, '2023-04-28 13:53:45', '2023-04-28 13:53:45', 0, 'admin', 0, 'admin', 0, 'internal_task(2)', '内校管理,内校月计划,任务');
INSERT INTO `column_table` VALUES (103, '2023-04-28 13:58:40', '2023-04-28 13:58:40', 0, 'admin', 0, 'admin', 0, 'internal_task(3)', '内校管理,内校每日任务单,任务');
INSERT INTO `column_table` VALUES (104, '2023-04-28 15:41:57', '2023-04-28 15:41:57', 0, 'admin', 0, 'admin', 0, 'appliances_ledger(1)', '外校管理,外校年计划,器具台账');
INSERT INTO `column_table` VALUES (105, '2023-04-28 16:06:44', '2023-04-28 16:06:44', 0, 'admin', 0, 'admin', 0, 'appliances_ledger(2)', '外校管理,外校月计划,器具台账');
INSERT INTO `column_table` VALUES (106, '2023-04-28 16:07:31', '2023-04-28 16:07:31', 0, 'admin', 0, 'admin', 0, 'appliances_ledger(3)', '外校管理,外校每日任务单,器具台账');
INSERT INTO `column_table` VALUES (107, '2023-04-28 16:09:24', '2023-04-28 16:09:24', 0, 'admin', 0, 'admin', 0, 'appliances_ledger(4)', '内校管理,内校年计划,器具台账');
INSERT INTO `column_table` VALUES (108, '2023-04-28 16:17:39', '2023-04-28 16:17:39', 0, 'admin', 0, 'admin', 0, 'appliances_ledger(5)', '内校管理,内校月计划,器具台账');
INSERT INTO `column_table` VALUES (109, '2023-04-28 16:18:18', '2023-04-28 16:18:18', 0, 'admin', 0, 'admin', 0, 'appliances_ledger(6)', '内校管理,内校每日任务单,器具台账');
INSERT INTO `column_table` VALUES (110, '2023-05-02 19:51:05', '2023-05-02 22:15:35', 28, 'D1', 28, 'D1', 0, 'external_task(person)', '外校管理,外校个人任务');
INSERT INTO `column_table` VALUES (111, '2023-05-04 15:31:17', '2023-05-04 15:32:45', 28, 'D1', 28, 'D1', 0, 'internal_task(person)', '内校管理,内校个人任务');
INSERT INTO `column_table` VALUES (112, '2023-05-05 15:11:01', '2023-05-05 15:11:01', 28, 'D1', 28, 'D1', 0, 'external_task(confirm)', '外校管理,外校待确认任务');
INSERT INTO `column_table` VALUES (113, '2023-05-05 15:11:23', '2023-05-05 15:11:23', 28, 'D1', 28, 'D1', 0, 'internal_task(confirm)', '内校管理,内校待确认任务');
INSERT INTO `column_table` VALUES (114, '2023-05-06 14:54:29', '2023-05-06 14:54:29', 28, 'D1', 28, 'D1', 0, 'external_task(4)', '外校管理,外校月计划,年计划任务');
INSERT INTO `column_table` VALUES (115, '2023-05-06 20:38:04', '2023-05-06 20:38:04', 28, 'D1', 28, 'D1', 0, 'external_task(5)', '外校管理,外校每日任务单,年计划任务');
INSERT INTO `column_table` VALUES (116, '2023-05-06 20:38:31', '2023-05-06 20:38:31', 28, 'D1', 28, 'D1', 0, 'external_task(6)', '外校管理,外校每日任务单,月计划任务');
INSERT INTO `column_table` VALUES (117, '2023-05-06 21:00:23', '2023-05-06 21:00:23', 28, 'D1', 28, 'D1', 0, 'internal_task(4)', '内校管理,内校月计划,年计划任务');
INSERT INTO `column_table` VALUES (118, '2023-05-06 21:00:54', '2023-05-06 21:00:54', 28, 'D1', 28, 'D1', 0, 'internal_task(5)', '内校管理,内校每日任务单,年计划任务');
INSERT INTO `column_table` VALUES (119, '2023-05-06 21:01:18', '2023-05-06 21:01:18', 28, 'D1', 28, 'D1', 0, 'internal_task(6)', '内校管理,内校每日任务单,月计划任务');
INSERT INTO `column_table` VALUES (120, '2023-06-05 16:56:54', '2023-06-05 16:56:54', 28, 'D1', 28, 'D1', 0, 'maintain_internal_inspection', '器具台账,计量维护,内检维护');
INSERT INTO `column_table` VALUES (121, '2023-06-05 17:49:07', '2023-06-05 17:49:28', 28, 'D1', 28, 'D1', 0, 'maintain_internal_inspection_standard', '器具台账,计量维护,内检维护,标准器及环境条件');
INSERT INTO `column_table` VALUES (123, '2023-06-07 15:14:41', '2023-06-07 15:14:41', 28, 'D1', 28, 'D1', 0, 'metering_confirm_record（inter）', '器具台账,计量维护,内检确认');
INSERT INTO `column_table` VALUES (124, '2023-06-13 10:41:05', '2023-06-13 10:41:05', 154, '导入测试2', 154, '导入测试2', 0, 'spot_check_record(2)', '器具台账,点检履历');
INSERT INTO `column_table` VALUES (125, '2023-06-29 10:39:13', '2023-06-29 10:39:13', 28, 'demo1名字', 28, 'demo1名字', 0, 'user(2)', '个人资料');
INSERT INTO `column_table` VALUES (127, '2023-06-29 21:11:30', '2023-06-29 21:11:30', 28, 'demo1名字', 28, 'demo1名字', 0, 'appliances_ledger(annual_check_plan)', '年度期间核查计划,计划内容,器具台账');
INSERT INTO `column_table` VALUES (128, '2023-07-01 14:58:43', '2023-07-01 14:58:43', 28, 'demo1名字', 28, 'demo1名字', 0, 'external_task(inspection_rate)', '计量看板,外校月送检率');
INSERT INTO `column_table` VALUES (129, '2023-07-01 14:59:33', '2023-07-01 14:59:33', 28, 'demo1名字', 28, 'demo1名字', 0, 'external_task(complete_rate)', '计量看板,外校月完成率');
INSERT INTO `column_table` VALUES (130, '2023-07-01 14:59:48', '2023-07-01 14:59:48', 28, 'demo1名字', 28, 'demo1名字', 0, 'external_task(qualified_rate)', '计量看板,外校月合格率');
INSERT INTO `column_table` VALUES (131, '2023-07-01 15:46:22', '2023-07-01 15:46:22', 28, 'demo1名字', 28, 'demo1名字', 0, 'appliances_ledger(appliancesLevelGroup)', '计量看板,管理分类');
INSERT INTO `column_table` VALUES (132, '2023-07-01 15:46:46', '2023-07-01 15:46:46', 28, 'demo1名字', 28, 'demo1名字', 0, 'appliances_ledger(deptGroup)', '计量看板,部门器具统计');
INSERT INTO `column_table` VALUES (133, '2023-07-01 15:47:24', '2023-07-01 15:47:24', 28, 'demo1名字', 28, 'demo1名字', 0, 'appliances_ledger(appliancesTypeGroupCost)', '计量看板,费用统计');
INSERT INTO `column_table` VALUES (135, '2023-07-13 17:02:13', '2023-07-13 17:02:13', 0, 'admin', 0, 'admin', 0, 'msa_record', 'MSA管理,MSA记录');
INSERT INTO `column_table` VALUES (136, '2023-07-13 17:36:01', '2023-07-13 17:36:01', 28, 'demo1名字', 28, 'demo1名字', 0, 'msa_record(2)', 'MSA管理,MSA记录,研究方法项');
INSERT INTO `column_table` VALUES (137, '2023-07-13 17:39:34', '2023-07-13 17:39:34', 28, 'demo1名字', 28, 'demo1名字', 0, 'msa_record(3)', 'MSA管理,MSA记录,GRR数据录入');
INSERT INTO `column_table` VALUES (138, '2023-08-18 15:21:28', '2023-08-18 15:21:28', 28, 'demo1名字', 28, 'demo1名字', 0, 'msa_record(4)', 'MSA管理,MSA记录,Kappa数据录入');
INSERT INTO `column_table` VALUES (139, '2023-08-18 15:27:32', '2023-08-18 15:27:32', 28, 'demo1名字', 28, 'demo1名字', 0, 'msa_record(5)', 'MSA管理,MSA记录,Bias数据录入');
INSERT INTO `column_table` VALUES (141, '2023-08-23 17:40:43', '2023-08-23 17:40:43', 28, 'demo1名字', 28, 'demo1名字', 0, 'appliances_ledger(7)', '器具台账,归档器具');


[2025-05-27 20:58:58.080] [info]  version sql update:SELECT * FROM `user` WHERE id = 0;
[2025-05-27 20:58:58.081] [info]  version sql update:SELECT * FROM `user` WHERE id = 0;
[2025-05-27 20:58:58.090] [info]  version sql update:INSERT INTO role_acl (`id`, `createTime`, `updateTime`, `createBy`, `createByName`, `updateBy`, `updateByName`, `deleted`, `roleId`, `aclId`)
SELECT NULL, '2024-04-26 11:34:14.000', '2024-04-26 11:34:14.000', 0, 'admin', 0, 'admin', 0, 3, 739
FROM DUAL
WHERE NOT EXISTS (SELECT 1 FROM role_acl WHERE roleId = 3 AND aclId=739 AND deleted=0);


INSERT INTO role_acl (`id`, `createTime`, `updateTime`, `createBy`, `createByName`, `updateBy`, `updateByName`, `deleted`, `roleId`, `aclId`)
SELECT NULL, '2024-04-26 11:34:14.000', '2024-04-26 11:34:14.000', 0, 'admin', 0, 'admin', 0, 3, 740
FROM DUAL
WHERE NOT EXISTS (SELECT 1 FROM role_acl WHERE roleId = 3 AND aclId=740 AND deleted=0);


INSERT INTO role_acl (`id`, `createTime`, `updateTime`, `createBy`, `createByName`, `updateBy`, `updateByName`, `deleted`, `roleId`, `aclId`)
SELECT NULL, '2024-04-26 11:34:14.000', '2024-04-26 11:34:14.000', 0, 'admin', 0, 'admin', 0, 3, 741
FROM DUAL
WHERE NOT EXISTS (SELECT 1 FROM role_acl WHERE roleId = 3 AND aclId=741 AND deleted=0);






[2025-05-27 20:58:58.095] [info]  version sql update:UPDATE exe_version
                                                                  SET version="2.1.6"
                                                                  WHERE Id = 1
[2025-05-27 20:58:58.095] [info]  run sql success
[2025-05-27 20:58:59.414] [info]  stdout: 
  .   ____          _            __ _ _
 /\\ / ___'_ __ _ _(_)_ __  __ _ \ \ \ \
( ( )\___ | '_ | '_| | '_ \/ _` | \ \ \ \
 \\/  ___)| |_)| | | | | || (_| |  ) ) ) )
  '  |____| .__|_| |_|_| |_\__, | / / / /
 =========|_|==============|___/=/_/_/_/

[2025-05-27 20:58:59.420] [info]  stdout:  :: Spring Boot ::                (v3.1.5)


[2025-05-27 20:58:59.488] [info]  stdout: 2025-05-27 20:58:59  INFO 18216 --- [           main] com.mzinno.project.ProjectApplication    : Starting ProjectApplication v0.0.1-SNAPSHOT using Java 21 with PID 18216 (C:\Users\fx8350\AppData\Local\Programs\gms\resources\app.asar.unpacked\public\java\project.jar started by fx8350 in C:\Users\fx8350\AppData\Local\Programs\gms)

[2025-05-27 20:58:59.489] [info]  stdout: 2025-05-27 20:58:59  INFO 18216 --- [           main] com.mzinno.project.ProjectApplication    : The following 1 profile is active: "default"

[2025-05-27 20:59:01.534] [info]  stdout: 2025-05-27 20:59:01  INFO 18216 --- [           main] o.s.b.w.embedded.tomcat.TomcatWebServer  : Tomcat initialized with port(s): 45679 (http)

[2025-05-27 20:59:01.542] [info]  stdout: 2025-05-27 20:59:01  INFO 18216 --- [           main] o.apache.catalina.core.StandardService   : Starting service [Tomcat]

[2025-05-27 20:59:01.542] [info]  stdout: 2025-05-27 20:59:01  INFO 18216 --- [           main] o.apache.catalina.core.StandardEngine    : Starting Servlet engine: [Apache Tomcat/10.1.15]

[2025-05-27 20:59:01.632] [info]  stdout: 2025-05-27 20:59:01  INFO 18216 --- [           main] o.a.c.c.C.[Tomcat].[localhost].[/]       : Initializing Spring embedded WebApplicationContext

[2025-05-27 20:59:01.633] [info]  stdout: 2025-05-27 20:59:01  INFO 18216 --- [           main] w.s.c.ServletWebServerApplicationContext : Root WebApplicationContext: initialization completed in 2094 ms

[2025-05-27 20:59:02.055] [info]  stdout:  _ _   |_  _ _|_. ___ _ |    _ 
| | |\/|_)(_| | |_\  |_)||_|_\ 
     /               |         

[2025-05-27 20:59:02.055] [info]  stdout:                         3.5.4 

[2025-05-27 20:59:03.426] [info]  stdout: 2025-05-27 20:59:03  INFO 18216 --- [           main] org.quartz.impl.StdSchedulerFactory      : Using default implementation for ThreadExecutor

[2025-05-27 20:59:03.445] [info]  stdout: 2025-05-27 20:59:03  INFO 18216 --- [           main] org.quartz.core.SchedulerSignalerImpl    : Initialized Scheduler Signaller of type: class org.quartz.core.SchedulerSignalerImpl

[2025-05-27 20:59:03.445] [info]  stdout: 2025-05-27 20:59:03  INFO 18216 --- [           main] org.quartz.core.QuartzScheduler          : Quartz Scheduler v.2.3.2 created.

[2025-05-27 20:59:03.448] [info]  stdout: 2025-05-27 20:59:03  INFO 18216 --- [           main] org.quartz.simpl.RAMJobStore             : RAMJobStore initialized.

[2025-05-27 20:59:03.449] [info]  stdout: 2025-05-27 20:59:03  INFO 18216 --- [           main] org.quartz.core.QuartzScheduler          : Scheduler meta-data: Quartz Scheduler (v2.3.2) 'quartzScheduler' with instanceId 'NON_CLUSTERED'
  Scheduler class: 'org.quartz.core.QuartzScheduler' - running locally.
  NOT STARTED.
  Currently in standby mode.
  Number of jobs executed: 0
  Using thread pool 'org.quartz.simpl.SimpleThreadPool' - with 10 threads.
  Using job-store 'org.quartz.simpl.RAMJobStore' - which does not support persistence. and is not clustered.


[2025-05-27 20:59:03.450] [info]  stdout: 2025-05-27 20:59:03  INFO 18216 --- [           main] org.quartz.impl.StdSchedulerFactory      : Quartz scheduler 'quartzScheduler' initialized from an externally provided properties instance.
2025-05-27 20:59:03  INFO 18216 --- [           main] org.quartz.impl.StdSchedulerFactory      : Quartz scheduler version: 2.3.2
2025-05-27 20:59:03  INFO 18216 --- [           main] org.quartz.core.QuartzScheduler          : JobFactory set to: org.springframework.scheduling.quartz.SpringBeanJobFactory@80bfdc6

[2025-05-27 20:59:05.675] [info]  stdout: 2025-05-27 20:59:05  INFO 18216 --- [           main] com.zaxxer.hikari.HikariDataSource       : HikariPool-1 - Starting...

[2025-05-27 20:59:06.025] [info]  stdout: 2025-05-27 20:59:06  INFO 18216 --- [           main] com.zaxxer.hikari.pool.HikariPool        : HikariPool-1 - Added connection com.mysql.cj.jdbc.ConnectionImpl@51c65a43

[2025-05-27 20:59:06.027] [info]  stdout: 2025-05-27 20:59:06  INFO 18216 --- [           main] com.zaxxer.hikari.HikariDataSource       : HikariPool-1 - Start completed.

[2025-05-27 20:59:06.058] [info]  stdout: 2025-05-27 20:59:06 ERROR 18216 --- [         task-1] .a.i.SimpleAsyncUncaughtExceptionHandler : Unexpected exception occurred invoking async method: public void com.mzinno.project.schedule.TenantTaskExecutor.executeTasksForAllTenants(com.mzinno.project.schedule.ScheduleTask)

java.lang.NullPointerException: Cannot invoke "org.springframework.context.ApplicationContext.getBean(java.lang.Class)" because "com.mzinno.project.utils.SpringContextUtil.applicationContext" is null
	at com.mzinno.project.utils.SpringContextUtil.getBean(SpringContextUtil.java:47) ~[classes!/:0.0.1-SNAPSHOT]
	at com.mzinno.project.schedule.TenantTaskExecutor.executeTasksForAllTenants(TenantTaskExecutor.java:29) ~[classes!/:0.0.1-SNAPSHOT]
	at java.base/jdk.internal.reflect.DirectMethodHandleAccessor.invoke(DirectMethodHandleAccessor.java:103) ~[na:na]
	at java.base/java.lang.reflect.Method.invoke(Method.java:580) ~[na:na]
	at org.springframework.aop.support.AopUtils.invokeJoinpointUsingReflection(AopUtils.java:343) ~[spring-aop-6.0.13.jar!/:6.0.13]
	at org.springframework.aop.framework.ReflectiveMethodInvocation.invokeJoinpoint(ReflectiveMethodInvocation.java:196) ~[spring-aop-6.0.13.jar!/:6.0.13]
	at org.springframework.aop.framework.ReflectiveMethodInvocation.proceed(ReflectiveMethodInvocation.java:163) ~[spring-aop-6.0.13.jar!/:6.0.13]
	at org.springframework.aop.framework.CglibAopProxy$CglibMethodInvocation.proceed(CglibAopProxy.java:751) ~[spring-aop-6.0.13.jar!/:6.0.13]
	at org.springframework.aop.interceptor.AsyncExecutionInterceptor.lambda$invoke$0(AsyncExecutionInterceptor.java:115) ~[spring-aop-6.0.13.jar!/:6.0.13]
	at java.base/java.util.concurrent.FutureTask.run(FutureTask.java:317) ~[na:na]
	at java.base/java.util.concurrent.ThreadPoolExecutor.runWorker(ThreadPoolExecutor.java:1144) ~[na:na]
	at java.base/java.util.concurrent.ThreadPoolExecutor$Worker.run(ThreadPoolExecutor.java:642) ~[na:na]
	at java.base/java.lang.Thread.run(Thread.java:1583) ~[na:na]


[2025-05-27 20:59:06.168] [info]  stdout: 2025-05-27 20:59:06  INFO 18216 --- [           main] com.mzinno.project.utils.SystemUtils     : os.name: Windows 11

[2025-05-27 20:59:06.169] [info]  stdout: 2025-05-27 20:59:06  INFO 18216 --- [           main] com.mzinno.project.utils.SystemUtils     : 原始jar包路径: file:/C:/Users/fx8350/AppData/Local/Programs/gms/resources/app.asar.unpacked/public/java/project.jar!/BOOT-INF/classes!/
2025-05-27 20:59:06  INFO 18216 --- [           main] com.mzinno.project.utils.SystemUtils     : JAR包路径: C:/Users/fx8350/AppData/Local/Programs/gms/resources/app.asar.unpacked/public/java

[2025-05-27 20:59:06.239] [info]  stdout: 2025-05-27 20:59:06  INFO 18216 --- [           main] f.a.AutowiredAnnotationBeanPostProcessor : Autowired annotation is not supported on static fields: static com.mzinno.project.service.user.UserService com.mzinno.project.utils.SqlUtils.userService

[2025-05-27 20:59:06.465] [info]  stdout: 2025-05-27 20:59:06  INFO 18216 --- [           main] o.s.b.a.w.s.WelcomePageHandlerMapping    : Adding welcome page: class path resource [static/index.html]

[2025-05-27 20:59:07.353] [info]  stdout: 2025-05-27 20:59:07  INFO 18216 --- [           main] o.s.b.a.e.web.EndpointLinksResolver      : Exposing 1 endpoint(s) beneath base path '/actuator'

[2025-05-27 20:59:07.468] [info]  stdout: 2025-05-27 20:59:07  INFO 18216 --- [           main] o.s.b.w.embedded.tomcat.TomcatWebServer  : Tomcat started on port(s): 45679 (http) with context path ''

[2025-05-27 20:59:07.469] [info]  stdout: 2025-05-27 20:59:07  INFO 18216 --- [           main] o.s.s.quartz.SchedulerFactoryBean        : Starting Quartz Scheduler now

[2025-05-27 20:59:07.470] [info]  stdout: 2025-05-27 20:59:07  INFO 18216 --- [           main] org.quartz.core.QuartzScheduler          : Scheduler quartzScheduler_$_NON_CLUSTERED started.

[2025-05-27 20:59:07.489] [info]  stdout: 2025-05-27 20:59:07  INFO 18216 --- [           main] com.mzinno.project.ProjectApplication    : Started ProjectApplication in 8.473 seconds (process running for 9.12)

[2025-05-27 20:59:07.490] [info]  start Java
[2025-05-27 20:59:07.490] [info]  stdout: 2025-05-27 20:59:07  INFO 18216 --- [onPool-worker-1] c.m.project.schedule.TenantTaskExecutor  : 租户[master]定时任务开始执行

[2025-05-27 20:59:07.548] [info]  stdout: 2025-05-27 20:59:07  INFO 18216 --- [onPool-worker-1] c.m.project.schedule.TenantTaskExecutor  : 租户[master]定时任务结束执行

[2025-05-27 20:59:08.584] [info]  stdout: 2025-05-27 20:59:08  INFO 18216 --- [io-45679-exec-2] o.a.c.c.C.[Tomcat].[localhost].[/]       : Initializing Spring DispatcherServlet 'dispatcherServlet'

[2025-05-27 20:59:08.585] [info]  stdout: 2025-05-27 20:59:08  INFO 18216 --- [io-45679-exec-2] o.s.web.servlet.DispatcherServlet        : Initializing Servlet 'dispatcherServlet'

[2025-05-27 20:59:08.586] [info]  stdout: 2025-05-27 20:59:08  INFO 18216 --- [io-45679-exec-2] o.s.web.servlet.DispatcherServlet        : Completed initialization in 1 ms

[2025-05-27 20:59:58.339] [info]  window-all-closed
[2025-05-27 20:59:58.340] [info]  process.platform win32
[2025-05-27 20:59:58.340] [info]  updating false
[2025-05-27 20:59:58.363] [info]  java close code: null
[2025-05-27 21:00:03.316] [info]  runPath:C:\Users\fx8350\AppData\Local\Programs\gms\resources\app.asar.unpacked
[2025-05-27 21:00:03.323] [info]  userData:C:\Users\fx8350\AppData\Roaming\gms
[2025-05-27 21:00:04.090] [info]  startMysql
[2025-05-27 21:00:04.202] [error] link mysql error connect ECONNREFUSED 127.0.0.1:45678
[2025-05-27 21:00:04.203] [error] link mysql error connect ECONNREFUSED 127.0.0.1:45678
[2025-05-27 21:00:05.229] [info]  sql version:2.1.6
[2025-05-27 21:00:05.235] [info]  version sql update:SELECT * FROM plan_config
[2025-05-27 21:00:05.357] [info]  sourcemap lines:1.4.0,1.5.0,1.5.1,1.6.0,1.6.2,1.6.5,1.7.0,1.7.1,1.7.2,1.8.0,2.0.0,2.0.1,2.1.0,2.1.1,2.1.5,2.1.6
[2025-05-27 21:00:05.357] [info]  line:1.4.0,runFlag:false
[2025-05-27 21:00:05.357] [info]  line:1.5.0,runFlag:false
[2025-05-27 21:00:05.358] [info]  line:1.5.1,runFlag:false
[2025-05-27 21:00:05.358] [info]  line:1.6.0,runFlag:false
[2025-05-27 21:00:05.358] [info]  line:1.6.2,runFlag:false
[2025-05-27 21:00:05.359] [info]  line:1.6.5,runFlag:false
[2025-05-27 21:00:05.359] [info]  line:1.7.0,runFlag:false
[2025-05-27 21:00:05.359] [info]  line:1.7.1,runFlag:false
[2025-05-27 21:00:05.360] [info]  line:1.7.2,runFlag:false
[2025-05-27 21:00:05.360] [info]  line:1.8.0,runFlag:false
[2025-05-27 21:00:05.360] [info]  line:2.0.0,runFlag:false
[2025-05-27 21:00:05.361] [info]  line:2.0.1,runFlag:false
[2025-05-27 21:00:05.361] [info]  line:2.1.0,runFlag:false
[2025-05-27 21:00:05.361] [info]  line:2.1.1,runFlag:false
[2025-05-27 21:00:05.362] [info]  line:2.1.5,runFlag:false
[2025-05-27 21:00:05.362] [info]  line:2.1.6,runFlag:false
[2025-05-27 21:00:05.371] [info]  version sql update:SELECT MAX(id) id FROM acl WHERE deleted = 0
[2025-05-27 21:00:05.371] [info]  sqlList empty
[2025-05-27 21:00:06.497] [info]  stdout: 
  .   ____          _            __ _ _
 /\\ / ___'_ __ _ _(_)_ __  __ _ \ \ \ \
( ( )\___ | '_ | '_| | '_ \/ _` | \ \ \ \
 \\/  ___)| |_)| | | | | || (_| |  ) ) ) )
  '  |____| .__|_| |_|_| |_\__, | / / / /
 =========|_|==============|___/=/_/_/_/

[2025-05-27 21:00:06.502] [info]  stdout:  :: Spring Boot ::                (v3.1.5)


[2025-05-27 21:00:06.572] [info]  stdout: 2025-05-27 21:00:06  INFO 15888 --- [           main] com.mzinno.project.ProjectApplication    : Starting ProjectApplication v0.0.1-SNAPSHOT using Java 21 with PID 15888 (C:\Users\fx8350\AppData\Local\Programs\gms\resources\app.asar.unpacked\public\java\project.jar started by fx8350 in C:\Users\fx8350\AppData\Local\Programs\gms)

[2025-05-27 21:00:06.573] [info]  stdout: 2025-05-27 21:00:06  INFO 15888 --- [           main] com.mzinno.project.ProjectApplication    : The following 1 profile is active: "default"

[2025-05-27 21:00:08.786] [info]  stdout: 2025-05-27 21:00:08  INFO 15888 --- [           main] o.s.b.w.embedded.tomcat.TomcatWebServer  : Tomcat initialized with port(s): 45679 (http)

[2025-05-27 21:00:08.797] [info]  stdout: 2025-05-27 21:00:08  INFO 15888 --- [           main] o.apache.catalina.core.StandardService   : Starting service [Tomcat]

[2025-05-27 21:00:08.797] [info]  stdout: 2025-05-27 21:00:08  INFO 15888 --- [           main] o.apache.catalina.core.StandardEngine    : Starting Servlet engine: [Apache Tomcat/10.1.15]

[2025-05-27 21:00:08.882] [info]  stdout: 2025-05-27 21:00:08  INFO 15888 --- [           main] o.a.c.c.C.[Tomcat].[localhost].[/]       : Initializing Spring embedded WebApplicationContext

[2025-05-27 21:00:08.883] [info]  stdout: 2025-05-27 21:00:08  INFO 15888 --- [           main] w.s.c.ServletWebServerApplicationContext : Root WebApplicationContext: initialization completed in 2249 ms

[2025-05-27 21:00:09.279] [info]  stdout:  _ _   |_  _ _|_. ___ _ |    _ 
| | |\/|_)(_| | |_\  |_)||_|_\ 
     /               |         

[2025-05-27 21:00:09.280] [info]  stdout:                         3.5.4 

[2025-05-27 21:00:10.689] [info]  stdout: 2025-05-27 21:00:10  INFO 15888 --- [           main] org.quartz.impl.StdSchedulerFactory      : Using default implementation for ThreadExecutor

[2025-05-27 21:00:10.705] [info]  stdout: 2025-05-27 21:00:10  INFO 15888 --- [           main] org.quartz.core.SchedulerSignalerImpl    : Initialized Scheduler Signaller of type: class org.quartz.core.SchedulerSignalerImpl

[2025-05-27 21:00:10.705] [info]  stdout: 2025-05-27 21:00:10  INFO 15888 --- [           main] org.quartz.core.QuartzScheduler          : Quartz Scheduler v.2.3.2 created.

[2025-05-27 21:00:10.706] [info]  stdout: 2025-05-27 21:00:10  INFO 15888 --- [           main] org.quartz.simpl.RAMJobStore             : RAMJobStore initialized.

[2025-05-27 21:00:10.707] [info]  stdout: 2025-05-27 21:00:10  INFO 15888 --- [           main] org.quartz.core.QuartzScheduler          : Scheduler meta-data: Quartz Scheduler (v2.3.2) 'quartzScheduler' with instanceId 'NON_CLUSTERED'
  Scheduler class: 'org.quartz.core.QuartzScheduler' - running locally.
  NOT STARTED.
  Currently in standby mode.
  Number of jobs executed: 0
  Using thread pool 'org.quartz.simpl.SimpleThreadPool' - with 10 threads.
  Using job-store 'org.quartz.simpl.RAMJobStore' - which does not support persistence. and is not clustered.

2025-05-27 21:00:10  INFO 15888 --- [           main] org.quartz.impl.StdSchedulerFactory      : Quartz scheduler 'quartzScheduler' initialized from an externally provided properties instance.

[2025-05-27 21:00:10.708] [info]  stdout: 2025-05-27 21:00:10  INFO 15888 --- [           main] org.quartz.impl.StdSchedulerFactory      : Quartz scheduler version: 2.3.2
2025-05-27 21:00:10  INFO 15888 --- [           main] org.quartz.core.QuartzScheduler          : JobFactory set to: org.springframework.scheduling.quartz.SpringBeanJobFactory@68a4dcc6

[2025-05-27 21:00:13.048] [info]  stdout: 2025-05-27 21:00:13  INFO 15888 --- [           main] com.zaxxer.hikari.HikariDataSource       : HikariPool-1 - Starting...

[2025-05-27 21:00:13.404] [info]  stdout: 2025-05-27 21:00:13  INFO 15888 --- [           main] com.zaxxer.hikari.pool.HikariPool        : HikariPool-1 - Added connection com.mysql.cj.jdbc.ConnectionImpl@481b2f10

[2025-05-27 21:00:13.406] [info]  stdout: 2025-05-27 21:00:13  INFO 15888 --- [           main] com.zaxxer.hikari.HikariDataSource       : HikariPool-1 - Start completed.

[2025-05-27 21:00:13.438] [info]  stdout: 2025-05-27 21:00:13 ERROR 15888 --- [         task-1] .a.i.SimpleAsyncUncaughtExceptionHandler : Unexpected exception occurred invoking async method: public void com.mzinno.project.schedule.TenantTaskExecutor.executeTasksForAllTenants(com.mzinno.project.schedule.ScheduleTask)

java.lang.NullPointerException: Cannot invoke "org.springframework.context.ApplicationContext.getBean(java.lang.Class)" because "com.mzinno.project.utils.SpringContextUtil.applicationContext" is null
	at com.mzinno.project.utils.SpringContextUtil.getBean(SpringContextUtil.java:47) ~[classes!/:0.0.1-SNAPSHOT]
	at com.mzinno.project.schedule.TenantTaskExecutor.executeTasksForAllTenants(TenantTaskExecutor.java:29) ~[classes!/:0.0.1-SNAPSHOT]
	at java.base/jdk.internal.reflect.DirectMethodHandleAccessor.invoke(DirectMethodHandleAccessor.java:103) ~[na:na]
	at java.base/java.lang.reflect.Method.invoke(Method.java:580) ~[na:na]
	at org.springframework.aop.support.AopUtils.invokeJoinpointUsingReflection(AopUtils.java:343) ~[spring-aop-6.0.13.jar!/:6.0.13]
	at org.springframework.aop.framework.ReflectiveMethodInvocation.invokeJoinpoint(ReflectiveMethodInvocation.java:196) ~[spring-aop-6.0.13.jar!/:6.0.13]
	at org.springframework.aop.framework.ReflectiveMethodInvocation.proceed(ReflectiveMethodInvocation.java:163) ~[spring-aop-6.0.13.jar!/:6.0.13]
	at org.springframework.aop.framework.CglibAopProxy$CglibMethodInvocation.proceed(CglibAopProxy.java:751) ~[spring-aop-6.0.13.jar!/:6.0.13]
	at org.springframework.aop.interceptor.AsyncExecutionInterceptor.lambda$invoke$0(AsyncExecutionInterceptor.java:115) ~[spring-aop-6.0.13.jar!/:6.0.13]
	at java.base/java.util.concurrent.FutureTask.run(FutureTask.java:317) ~[na:na]
	at java.base/java.util.concurrent.ThreadPoolExecutor.runWorker(ThreadPoolExecutor.java:1144) ~[na:na]
	at java.base/java.util.concurrent.ThreadPoolExecutor$Worker.run(ThreadPoolExecutor.java:642) ~[na:na]
	at java.base/java.lang.Thread.run(Thread.java:1583) ~[na:na]


[2025-05-27 21:00:13.554] [info]  stdout: 2025-05-27 21:00:13  INFO 15888 --- [           main] f.a.AutowiredAnnotationBeanPostProcessor : Autowired annotation is not supported on static fields: static com.mzinno.project.service.user.UserService com.mzinno.project.utils.SqlUtils.userService

[2025-05-27 21:00:13.767] [info]  stdout: 2025-05-27 21:00:13  INFO 15888 --- [           main] o.s.b.a.w.s.WelcomePageHandlerMapping    : Adding welcome page: class path resource [static/index.html]

[2025-05-27 21:00:14.667] [info]  stdout: 2025-05-27 21:00:14  INFO 15888 --- [           main] o.s.b.a.e.web.EndpointLinksResolver      : Exposing 1 endpoint(s) beneath base path '/actuator'

[2025-05-27 21:00:14.785] [info]  stdout: 2025-05-27 21:00:14  INFO 15888 --- [           main] o.s.b.w.embedded.tomcat.TomcatWebServer  : Tomcat started on port(s): 45679 (http) with context path ''

[2025-05-27 21:00:14.786] [info]  stdout: 2025-05-27 21:00:14  INFO 15888 --- [           main] o.s.s.quartz.SchedulerFactoryBean        : Starting Quartz Scheduler now

[2025-05-27 21:00:14.787] [info]  stdout: 2025-05-27 21:00:14  INFO 15888 --- [           main] org.quartz.core.QuartzScheduler          : Scheduler quartzScheduler_$_NON_CLUSTERED started.

[2025-05-27 21:00:14.803] [info]  stdout: 2025-05-27 21:00:14  INFO 15888 --- [           main] com.mzinno.project.ProjectApplication    : Started ProjectApplication in 8.761 seconds (process running for 9.342)

[2025-05-27 21:00:14.804] [info]  start Java
[2025-05-27 21:00:14.809] [info]  stdout: 2025-05-27 21:00:14  INFO 15888 --- [onPool-worker-1] c.m.project.schedule.TenantTaskExecutor  : 租户[master]定时任务开始执行

[2025-05-27 21:00:14.963] [info]  stdout: 2025-05-27 21:00:14  INFO 15888 --- [onPool-worker-1] c.m.project.schedule.TenantTaskExecutor  : 租户[master]定时任务结束执行

[2025-05-27 21:00:14.965] [info]  stdout: 2025-05-27 21:00:14  INFO 15888 --- [io-45679-exec-1] o.a.c.c.C.[Tomcat].[localhost].[/]       : Initializing Spring DispatcherServlet 'dispatcherServlet'

[2025-05-27 21:00:14.966] [info]  stdout: 2025-05-27 21:00:14  INFO 15888 --- [io-45679-exec-1] o.s.web.servlet.DispatcherServlet        : Initializing Servlet 'dispatcherServlet'

[2025-05-27 21:00:14.968] [info]  stdout: 2025-05-27 21:00:14  INFO 15888 --- [io-45679-exec-1] o.s.web.servlet.DispatcherServlet        : Completed initialization in 2 ms

